Microsemi Libero Software
Version: 11.5.3.10
Release: v11.5 SP3

'IDE_DESIGNERVIEW_ROOTDIR' set to 'C:\Users\twschum\373\ants_master\designer'
Info: The design ants_master.adb was last modified by software version 11.5.3.10.
Opened an existing Libero design ants_master.adb.
WARNING: DEFUSR table not loaded - file: C:\Users\twschum\AppData\Roaming\Actel/designer.def

The Execute Script command succeeded ( 00:00:28 )
This program can detect if an updated version of the software is available by
checking the Actel web-site.

Would you like to have this check automatically done when you startup the program?

(To change this setting later, go to the File menu and select Preferences.
From the Updates tab, you can change your selection.) [NO]
Design saved to file C:\Users\twschum\373\ants_master\designer\impl1\ants_master.adb.
Wrote pin report to file:
C:\Users\twschum\373\ants_master\designer\impl1\ants_master_report_pin_byname.txt

The Report command succeeded ( 00:00:01 )
Wrote pin report to file:
C:\Users\twschum\373\ants_master\designer\impl1\ants_master_report_pin_bynumber.txt

The Report command succeeded ( 00:00:01 )

The Execute Script command succeeded ( 00:00:02 )
Design closed.

