FlashPro
Version: 11.5.3.10
Release: v11.5 SP3

Software Version: 11.5.3.10
PDB file
'C:\Users\rpokeefe\repos\373\n64ControlLibero\designer\impl1\n64ControlLibero_fp\n64ControlLibe\
ro.pdb' has been loaded successfully.
DESIGN : n64ControlLibero;  CHECKSUM : 7176;  PDB_VERSION : 1.9
Driver : 3.0.0 build 1
programmer '78819' : FlashPro3
Opened
'C:/Users/rpokeefe/repos/373/n64ControlLibero/designer/impl1/n64ControlLibero_fp/n64ControlLibe\
ro.pro'
The 'open_project' command succeeded.
The 'set_programming_file' command succeeded.
The 'set_device_type' command succeeded.
The 'set_device_package' command succeeded.
Info: Adding Flash Memory data from file
      C:\Users\rpokeefe\repos\373\n64ControlLibero\component\work\n64ControlLibero_MSS\MSS_ENVM\
      _0\MSS_ENVM_0.efc.
Info: Adding FPGA Array data from file
      C:\Users\rpokeefe\repos\373\n64ControlLibero\designer\impl1\n64ControlLibero.fdb.
PDB file
'C:\Users\rpokeefe\repos\373\n64ControlLibero\designer\impl1\n64ControlLibero_fp\n64ControlLibe\
ro.pdb' has been loaded successfully.
DESIGN : n64ControlLibero;  CHECKSUM : 7176;  PDB_VERSION : 1.9
The 'update_programming_file' command succeeded.
The 'set_programming_action' command succeeded.
programmer '78819' : Scan Chain...
Warning: programmer '78819' : Vpump has been selected on programmer AND an externally provided
         Vpump has also been detected. Using externally provided Vpump voltage source.
programmer '78819' : Scan Chain PASSED.
programmer '78819' : Executing action PROGRAM
programmer '78819' : EXPORT FSN[48] = 0114ab58a074
programmer '78819' : Erase ...
programmer '78819' : Completed erase
programmer '78819' : EXPORT CHECKSUM: [16] = 7176
programmer '78819' : Programming FPGA Array
programmer '78819' : Verifying FPGA Array
programmer '78819' :         Verifying FPGA Array -- pass
programmer '78819' : Program System Init and Boot Clients...
programmer '78819' : Verify System Init and Boot Clients...
programmer '78819' : Finished: Mon Mar 21 21:44:09 2016 (Elapsed time 00:00:37)
programmer '78819' : Executing action PROGRAM PASSED.

                        o - o - o - o - o - o

The 'run_selected_actions' command succeeded.
Project saved.
The 'save_project' command succeeded.
Project closed.
