Microsemi Libero Software
Version: 11.5.3.10
Release: v11.5 SP3

Info: The design led_blink.adb was last modified by software version 11.5.3.10.
Opened an existing Libero design led_blink.adb.
'BA_NAME' set to 'led_blink_ba'
'IDE_DESIGNERVIEW_NAME' set to 'Impl1'
'IDE_DESIGNERVIEW_COUNT' set to '1'
'IDE_DESIGNERVIEW_REV0' set to 'Impl1'
'IDE_DESIGNERVIEW_REVNUM0' set to '1'
'IDE_DESIGNERVIEW_ROOTDIR' set to 'C:\Users\rpokeefe\led_blink\designer'
'IDE_DESIGNERVIEW_LASTREV' set to '1'
Wrote timing report to file: led_blink_maxdelay_timing_report.txt

The Report command succeeded ( 00:00:01 )
Wrote timing report to file: led_blink_mindelay_timing_report.txt

The Report command succeeded ( 00:00:00 )
Wrote timing_violations report to file: led_blink_maxdelay_timingviolations_report.txt

The Report command succeeded ( 00:00:00 )
Wrote timing_violations report to file: led_blink_mindelay_timingviolations_report.txt

The Report command succeeded ( 00:00:00 )
Design saved to file C:\Users\rpokeefe\led_blink\designer\impl1\led_blink.adb.

The Execute Script command succeeded ( 00:00:04 )
Design closed.

