Target Part: A2F200M3F_FBGA484_STD
Report for cell ants_master.verilog
  Core Cell usage:
              cell count     area count*area
              AND2     9      1.0        9.0
              AND3    18      1.0       18.0
               AO1     4      1.0        4.0
              AO1B     1      1.0        1.0
              AO1C     1      1.0        1.0
              AOI1     2      1.0        2.0
             AOI1B     8      1.0        8.0
              AX1C     4      1.0        4.0
               GND    11      0.0        0.0
           MSS_APB     1      0.0        0.0
           MSS_CCC     1      0.0        0.0
               MX2     9      1.0        9.0
              NOR2    23      1.0       23.0
             NOR2A    19      1.0       19.0
             NOR2B    42      1.0       42.0
              NOR3     3      1.0        3.0
             NOR3A    21      1.0       21.0
             NOR3B     5      1.0        5.0
             NOR3C    78      1.0       78.0
              OA1B     1      1.0        1.0
               OR2     6      1.0        6.0
              OR2A     2      1.0        2.0
              OR2B     2      1.0        2.0
               OR3     1      1.0        1.0
              OR3B     2      1.0        2.0
             RCOSC     1      0.0        0.0
               VCC    11      0.0        0.0
               XA1     3      1.0        3.0
              XA1B     7      1.0        7.0
              XOR2    27      1.0       27.0


              DFN1    72      1.0       72.0
            DFN1E0     4      1.0        4.0
            DFN1E1    90      1.0       90.0
                   -----          ----------
             TOTAL   489               464.0


  IO Cell usage:
              cell count
             BIBUF     1
         BIBUF_MSS     2
         INBUF_MSS     4
        OUTBUF_MSS     4
       TRIBUFF_MSS     1
                   -----
             TOTAL    12


Core Cells         : 464 of 4608 (10%)
IO Cells           : 12

  RAM/ROM Usage Summary
Block Rams : 0 of 8 (0%)

