FlashPro
Version: 11.5.3.10
Release: v11.5 SP3

Software Version: 11.5.3.10
PDB file 'N:\eecs373\Lab1\andor\designer\impl1\andor_fp\andor.pdb' has been loaded successfully.
DESIGN : andor;  CHECKSUM : 520D;  PDB_VERSION : 1.9
Driver : 3.0.0 build 1
programmer '79763' : FlashPro3
Opened 'N:/eecs373/Lab1/andor/designer/impl1/andor_fp/andor.pro'
The 'open_project' command succeeded.
The 'set_programming_file' command succeeded.
The 'set_device_type' command succeeded.
The 'set_device_package' command succeeded.
Info: Adding Flash Memory data from file
      N:\eecs373\Lab1\andor\component\work\andor_MSS\MSS_ENVM_0\MSS_ENVM_0.efc.
Info: Adding FPGA Array data from file N:\eecs373\Lab1\andor\designer\impl1\andor.fdb.
PDB file 'N:\eecs373\Lab1\andor\designer\impl1\andor_fp\andor.pdb' has been loaded successfully.
DESIGN : andor;  CHECKSUM : 7056;  PDB_VERSION : 1.9
The 'update_programming_file' command succeeded.
The 'set_programming_action' command succeeded.
programmer '79763' : Scan Chain...
Warning: programmer '79763' : Vpump has been selected on programmer AND an externally provided
         Vpump has also been detected. Using externally provided Vpump voltage source.
programmer '79763' : Scan Chain PASSED.
programmer '79763' : Executing action PROGRAM
programmer '79763' : EXPORT FSN[48] = 0114ab582c84
programmer '79763' : Erase ...
programmer '79763' : Completed erase
programmer '79763' : EXPORT CHECKSUM: [16] = 7056
programmer '79763' : Programming FPGA Array
programmer '79763' : Verifying FPGA Array
programmer '79763' :         Verifying FPGA Array -- pass
programmer '79763' : Program System Init and Boot Clients...
programmer '79763' : Verify System Init and Boot Clients...
programmer '79763' : Finished: Tue Jan 12 13:33:35 2016 (Elapsed time 00:00:39)
programmer '79763' : Executing action PROGRAM PASSED.

                        o - o - o - o - o - o

The 'run_selected_actions' command succeeded.
Project saved.
The 'save_project' command succeeded.
Project closed.
