
Starting:    C:\Microsemi\Libero_v11.5\Synopsys\synplify_I201403MSP1\win64\mbin\synplify.exe
Install:     C:\Microsemi\Libero_v11.5\Synopsys\synplify_I201403MSP1
Date:        Tue Apr 05 12:58:25 2016
Version:     I-2014.03M-SP1

Arguments:   -product synplify_pro ants_master_syn.prj
ProductType: synplify_pro

License checkout: synplifypro_actel
License: synplifypro_actel node-locked 
Licensed Vendor: actel
License Option: actel_oem


auto_infer_blackbox is not supported in current product.
OnSyncomMessage()
OnSyncomMessage()
log file: "C:\Users\rpokeefe\repos\373\ants_master\synthesis\ants_master.srr"

Running ants_master_syn|synthesis

Running: Compile on ants_master_syn|synthesis

Running: Compile Process on ants_master_syn|synthesis

Running: Compile Input on ants_master_syn|synthesis
Copied C:\Users\rpokeefe\repos\373\ants_master\synthesis\synwork\ants_master_comp.so to C:\Users\rpokeefe\repos\373\ants_master\synthesis\ants_master.so
compiler exited with errors

Job: "compiler" terminated with error status: 2
See log file: "C:\Users\rpokeefe\repos\373\ants_master\synthesis\synlog\ants_master_compiler.srr"
Return Code: 2
Run Time:0h:00m:01s
Opening object source file c:\users\rpokeefe\repos\373\ants_master\hdl\servo_hdl.v
exit status=2
License checkin: synplifypro_actel
