
Starting:    C:\Microsemi\Libero_v11.5\Synopsys\synplify_I201403MSP1\win64\mbin\synbatch.exe
Install:     C:\Microsemi\Libero_v11.5\Synopsys\synplify_I201403MSP1
Date:        Thu Mar 31 14:20:15 2016
Version:     I-2014.03M-SP1

Arguments:   -product synplify_pro  -licensetype synplifypro_actel -batch -log synplify.log ants_master_syn.tcl
ProductType: synplify_pro

License checkout: synplifypro_actel
License: synplifypro_actel node-locked 
Licensed Vendor: actel
License Option: actel_oem

Running in Vendor Mode


Implementation not found: synthesis

log file: "C:\Users\twschum\373\ants_master\synthesis\ants_master.srr"



Running ants_master_syn|synthesis


Running: Compile on ants_master_syn|synthesis


Running: Compile Process on ants_master_syn|synthesis


Running: Compile Input on ants_master_syn|synthesis

Copied C:\Users\twschum\373\ants_master\synthesis\synwork\ants_master_comp.srs to C:\Users\twschum\373\ants_master\synthesis\ants_master.srs


compiler Completed with warnings
Return Code: 1
Run Time:0h:00m:02s


Running: Multi-srs Generator on ants_master_syn|synthesis

Copied C:\Users\twschum\373\ants_master\synthesis\synwork\ants_master_comp.srs to C:\Users\twschum\373\ants_master\synthesis\synwork\ants_master_s.srs


multi_srs_gen Completed
Return Code: 0
Run Time:0h:00m:02s

Copied C:\Users\twschum\373\ants_master\synthesis\synwork\ants_master_mult.srs to C:\Users\twschum\373\ants_master\synthesis\ants_master.srs

Complete: Compile Process on ants_master_syn|synthesis


Running: Pre-mapping on ants_master_syn|synthesis

Copied C:\Users\twschum\373\ants_master\synthesis\ants_master.sap to C:\Users\twschum\373\ants_master\synthesis\synwork\ants_master_s.sap


premap Completed
Return Code: 0
Run Time:0h:00m:02s

Complete: Compile on ants_master_syn|synthesis


Running: Map on ants_master_syn|synthesis


Running: Map & Optimize on ants_master_syn|synthesis

Copied C:\Users\twschum\373\ants_master\synthesis\synwork\ants_master_m.srm to C:\Users\twschum\373\ants_master\synthesis\ants_master.srm


fpga_mapper Completed with warnings
Return Code: 1
Run Time:0h:00m:03s

Complete: Map on ants_master_syn|synthesis

Complete: Logic Synthesis on ants_master_syn|synthesis

Copied C:\Users\twschum\373\ants_master\synthesis\ants_master.srr to C:\Users\twschum\373\ants_master\synthesis\backup\ants_master.srr

TCL script complete: "ants_master_syn.tcl"

exit status=0

exit status=0

License checkin: synplifypro_actel

