FlashPro
Version: 11.5.3.10
Release: v11.5 SP3

Software Version: 11.5.3.10
PDB file 'C:\Actelprj\msstimer\msstimer\designer\impl1\mytimer_fp\mytimer.pdb' has been loaded
successfully.
DESIGN : mytimer;  CHECKSUM : BA9B;  PDB_VERSION : 1.9
Driver : 3.0.0 build 1
programmer '77877' : FlashPro3
Opened 'C:/Actelprj/msstimer/msstimer/designer/impl1/mytimer_fp/mytimer.pro'
The 'open_project' command succeeded.
The 'set_programming_file' command succeeded.
The 'set_device_type' command succeeded.
The 'set_device_package' command succeeded.
Info: Adding Flash Memory data from file
      C:\Actelprj\msstimer\msstimer\component\work\mytimer_MSS\MSS_ENVM_0\MSS_ENVM_0.efc.
Info: Adding FPGA Array data from file C:\Actelprj\msstimer\msstimer\designer\impl1\mytimer.fdb.
PDB file 'C:\Actelprj\msstimer\msstimer\designer\impl1\mytimer_fp\mytimer.pdb' has been loaded
successfully.
DESIGN : mytimer;  CHECKSUM : BA9B;  PDB_VERSION : 1.9
The 'update_programming_file' command succeeded.
The 'set_programming_action' command succeeded.
programmer '77877' : Scan Chain...
Warning: programmer '77877' : Vpump has been selected on programmer AND an externally provided
         Vpump has also been detected. Using externally provided Vpump voltage source.
programmer '77877' : Scan Chain PASSED.
programmer '77877' : Executing action PROGRAM
programmer '77877' : EXPORT FSN[48] = 0114ab403c38
programmer '77877' : Erase ...
programmer '77877' : Completed erase
programmer '77877' : EXPORT CHECKSUM: [16] = ba9b
programmer '77877' : Programming FPGA Array
programmer '77877' : Verifying FPGA Array
programmer '77877' :         Verifying FPGA Array -- pass
programmer '77877' : Program System Init and Boot Clients...
programmer '77877' : Verify System Init and Boot Clients...
programmer '77877' : Finished: Tue Sep 29 16:48:33 2015 (Elapsed time 00:00:43)
programmer '77877' : Executing action PROGRAM PASSED.

                        o - o - o - o - o - o

The 'run_selected_actions' command succeeded.
Project saved.
The 'save_project' command succeeded.
Project closed.
