C:\Microsemi\Libero_v11.5\Synopsys\synplify_I201403MSP1\bin64\c_ver.exe  -osyn  C:\Users\collmae\Documents\GitHub\373\ants_master\synthesis\synwork\ants_master_comp.srs  -top  ants_master  -prodtype  synplify_pro  -nram -fixsmult -divnmod   -I C:\Users\collmae\Documents\GitHub\373\ants_master\synthesis\  -I C:\Microsemi\Libero_v11.5\Synopsys\synplify_I201403MSP1\lib   -v2001  -devicelib  C:\Microsemi\Libero_v11.5\Synopsys\synplify_I201403MSP1\lib\proasic\smartfusion.v  -encrypt  -pro  -dmgen  C:\Users\collmae\Documents\GitHub\373\ants_master\synthesis\dm  -ui -fid2 -ram -sharing on -ll 2000 -autosm  -lib work C:\Users\collmae\Documents\GitHub\373\ants_master\component\work\ants_master_MSS\mss_tshell.v -lib work C:\Users\collmae\Documents\GitHub\373\ants_master\component\Actel\SmartFusionMSS\MSS\2.5.200\mss_comps.v -lib work C:\Users\collmae\Documents\GitHub\373\ants_master\component\work\ants_master_MSS\MSS_CCC_0\ants_master_MSS_tmp_MSS_CCC_0_MSS_CCC.v -lib work C:\Users\collmae\Documents\GitHub\373\ants_master\component\work\ants_master_MSS\ants_master_MSS.v -lib work C:\Users\collmae\Documents\GitHub\373\ants_master\hdl\distance_sensor_hdl.v -lib work C:\Users\collmae\Documents\GitHub\373\ants_master\hdl\n64_apb_interface.v -lib work C:\Users\collmae\Documents\GitHub\373\ants_master\hdl\n64_write_command.v -lib work C:\Users\collmae\Documents\GitHub\373\ants_master\hdl\n64_read_module.v -lib work C:\Users\collmae\Documents\GitHub\373\ants_master\hdl\n64_serial_interface.v -lib work C:\Users\collmae\Documents\GitHub\373\ants_master\component\work\n64_magic_box\n64_magic_box.v -lib work C:\Users\collmae\Documents\GitHub\373\ants_master\hdl\servo_hdl.v -lib COREAPB3_LIB C:\Users\collmae\Documents\GitHub\373\ants_master\component\Actel\DirectCore\CoreAPB3\4.1.100\rtl\vlog\core\coreapb3_muxptob3.v -lib COREAPB3_LIB C:\Users\collmae\Documents\GitHub\373\ants_master\component\Actel\DirectCore\CoreAPB3\4.1.100\rtl\vlog\core\coreapb3_iaddr_reg.v -lib COREAPB3_LIB C:\Users\collmae\Documents\GitHub\373\ants_master\component\Actel\DirectCore\CoreAPB3\4.1.100\rtl\vlog\core\coreapb3.v -lib work C:\Users\collmae\Documents\GitHub\373\ants_master\component\work\ants_master\ants_master.v  -log  C:\Users\collmae\Documents\GitHub\373\ants_master\synthesis\synlog\ants_master_compiler.srr 
rc:1 success:1
C:\Users\collmae\Documents\GitHub\373\ants_master\synthesis\synwork\ants_master_comp.srs|o|1460480381|71810
C:\Microsemi\Libero_v11.5\Synopsys\synplify_I201403MSP1\lib\proasic\smartfusion.v|i|1412951262|72817
C:\Users\collmae\Documents\GitHub\373\ants_master\component\work\ants_master_MSS\mss_tshell.v|i|1460480278|12226
C:\Users\collmae\Documents\GitHub\373\ants_master\component\Actel\SmartFusionMSS\MSS\2.5.200\mss_comps.v|i|1453756510|11243
C:\Users\collmae\Documents\GitHub\373\ants_master\component\work\ants_master_MSS\MSS_CCC_0\ants_master_MSS_tmp_MSS_CCC_0_MSS_CCC.v|i|1460480275|2893
C:\Users\collmae\Documents\GitHub\373\ants_master\component\work\ants_master_MSS\ants_master_MSS.v|i|1460480281|23017
C:\Users\collmae\Documents\GitHub\373\ants_master\hdl\distance_sensor_hdl.v|i|1460479996|2741
C:\Users\collmae\Documents\GitHub\373\ants_master\hdl\n64_apb_interface.v|i|1460477521|1635
C:\Users\collmae\Documents\GitHub\373\ants_master\hdl\n64_write_command.v|i|1460477521|1683
C:\Users\collmae\Documents\GitHub\373\ants_master\hdl\n64_read_module.v|i|1460477521|2063
C:\Users\collmae\Documents\GitHub\373\ants_master\hdl\n64_serial_interface.v|i|1460477521|3440
C:\Users\collmae\Documents\GitHub\373\ants_master\component\work\n64_magic_box\n64_magic_box.v|i|1460477521|3698
C:\Users\collmae\Documents\GitHub\373\ants_master\hdl\servo_hdl.v|i|1460477521|10293
C:\Users\collmae\Documents\GitHub\373\ants_master\component\Actel\DirectCore\CoreAPB3\4.1.100\rtl\vlog\core\coreapb3_muxptob3.v|i|1443134702|5708
C:\Users\collmae\Documents\GitHub\373\ants_master\component\Actel\DirectCore\CoreAPB3\4.1.100\rtl\vlog\core\coreapb3_iaddr_reg.v|i|1443134702|4465
C:\Users\collmae\Documents\GitHub\373\ants_master\component\Actel\DirectCore\CoreAPB3\4.1.100\rtl\vlog\core\coreapb3.v|i|1443134702|29701
C:\Users\collmae\Documents\GitHub\373\ants_master\component\work\ants_master\ants_master.v|i|1460480285|17006
C:\Users\collmae\Documents\GitHub\373\ants_master\synthesis\synlog\ants_master_compiler.srr|o|1460480381|26901
C:\Microsemi\Libero_v11.5\Synopsys\synplify_I201403MSP1\bin\c_ver.exe|i|1412907176|2306560
C:\Microsemi\Libero_v11.5\Synopsys\synplify_I201403MSP1\bin64\c_ver.exe|i|1412907378|5845504
