C:\Microsemi\Libero_v11.5\Synopsys\synplify_I201403MSP1\bin64\c_ver.exe  -osyn  C:\Users\rpokeefe\repos\373\n64ControlLibero\synthesis\synwork\n64ControlLibero_comp.srs  -top  n64ControlLibero  -prodtype  synplify_pro  -nram -fixsmult -divnmod   -I C:\Users\rpokeefe\repos\373\n64ControlLibero\synthesis\  -I C:\Microsemi\Libero_v11.5\Synopsys\synplify_I201403MSP1\lib   -v2001  -devicelib  C:\Microsemi\Libero_v11.5\Synopsys\synplify_I201403MSP1\lib\proasic\smartfusion.v  -encrypt  -pro  -dmgen  C:\Users\rpokeefe\repos\373\n64ControlLibero\synthesis\dm  -ui -fid2 -ram -sharing on -ll 2000 -autosm  -lib work C:\Users\rpokeefe\repos\373\n64ControlLibero\hdl\n64_write_command.v -lib work C:\Users\rpokeefe\repos\373\n64ControlLibero\hdl\n64_read_module.v -lib work C:\Users\rpokeefe\repos\373\n64ControlLibero\hdl\n64_serial_interface.v -lib work C:\Users\rpokeefe\repos\373\n64ControlLibero\hdl\n64_apb_interface.v -lib work C:\Users\rpokeefe\repos\373\n64ControlLibero\component\work\n64_magic_box\n64_magic_box.v -lib work C:\Users\rpokeefe\repos\373\n64ControlLibero\component\work\n64ControlLibero_MSS\mss_tshell.v -lib work C:\Users\rpokeefe\repos\373\n64ControlLibero\component\Actel\SmartFusionMSS\MSS\2.5.200\mss_comps.v -lib work C:\Users\rpokeefe\repos\373\n64ControlLibero\component\work\n64ControlLibero_MSS\MSS_CCC_0\n64ControlLibero_MSS_tmp_MSS_CCC_0_MSS_CCC.v -lib work C:\Users\rpokeefe\repos\373\n64ControlLibero\component\work\n64ControlLibero_MSS\n64ControlLibero_MSS.v -lib COREAPB3_LIB C:\Users\rpokeefe\repos\373\n64ControlLibero\component\Actel\DirectCore\CoreAPB3\4.1.100\rtl\vlog\core\coreapb3_muxptob3.v -lib COREAPB3_LIB C:\Users\rpokeefe\repos\373\n64ControlLibero\component\Actel\DirectCore\CoreAPB3\4.1.100\rtl\vlog\core\coreapb3_iaddr_reg.v -lib COREAPB3_LIB C:\Users\rpokeefe\repos\373\n64ControlLibero\component\Actel\DirectCore\CoreAPB3\4.1.100\rtl\vlog\core\coreapb3.v -lib work C:\Users\rpokeefe\repos\373\n64ControlLibero\hdl\solenoid_control.v -lib work C:\Users\rpokeefe\repos\373\n64ControlLibero\component\work\n64ControlLibero\n64ControlLibero.v  -log  C:\Users\rpokeefe\repos\373\n64ControlLibero\synthesis\synlog\n64ControlLibero_compiler.srr 
rc:1 success:1
C:\Users\rpokeefe\repos\373\n64ControlLibero\synthesis\synwork\n64ControlLibero_comp.srs|o|1459277113|60534
C:\Microsemi\Libero_v11.5\Synopsys\synplify_I201403MSP1\lib\proasic\smartfusion.v|i|1412951262|72817
C:\Users\rpokeefe\repos\373\n64ControlLibero\hdl\n64_write_command.v|i|1459267836|1683
C:\Users\rpokeefe\repos\373\n64ControlLibero\hdl\n64_read_module.v|i|1459268457|2063
C:\Users\rpokeefe\repos\373\n64ControlLibero\hdl\n64_serial_interface.v|i|1459268497|3440
C:\Users\rpokeefe\repos\373\n64ControlLibero\hdl\n64_apb_interface.v|i|1459270304|2203
C:\Users\rpokeefe\repos\373\n64ControlLibero\component\work\n64_magic_box\n64_magic_box.v|i|1459268535|3672
C:\Users\rpokeefe\repos\373\n64ControlLibero\component\work\n64ControlLibero_MSS\mss_tshell.v|i|1459267834|12226
C:\Users\rpokeefe\repos\373\n64ControlLibero\component\Actel\SmartFusionMSS\MSS\2.5.200\mss_comps.v|i|1459267833|11942
C:\Users\rpokeefe\repos\373\n64ControlLibero\component\work\n64ControlLibero_MSS\MSS_CCC_0\n64ControlLibero_MSS_tmp_MSS_CCC_0_MSS_CCC.v|i|1459267834|2898
C:\Users\rpokeefe\repos\373\n64ControlLibero\component\work\n64ControlLibero_MSS\n64ControlLibero_MSS.v|i|1459267834|19572
C:\Users\rpokeefe\repos\373\n64ControlLibero\component\Actel\DirectCore\CoreAPB3\4.1.100\rtl\vlog\core\coreapb3_muxptob3.v|i|1458605226|5708
C:\Users\rpokeefe\repos\373\n64ControlLibero\component\Actel\DirectCore\CoreAPB3\4.1.100\rtl\vlog\core\coreapb3_iaddr_reg.v|i|1458605226|4465
C:\Users\rpokeefe\repos\373\n64ControlLibero\component\Actel\DirectCore\CoreAPB3\4.1.100\rtl\vlog\core\coreapb3.v|i|1458605226|29701
C:\Users\rpokeefe\repos\373\n64ControlLibero\hdl\solenoid_control.v|i|1459277092|2070
C:\Users\rpokeefe\repos\373\n64ControlLibero\component\work\n64ControlLibero\n64ControlLibero.v|i|1459275964|15246
C:\Users\rpokeefe\repos\373\n64ControlLibero\synthesis\synlog\n64ControlLibero_compiler.srr|o|1459277113|23848
C:\Microsemi\Libero_v11.5\Synopsys\synplify_I201403MSP1\bin\c_ver.exe|i|1412907176|2306560
C:\Microsemi\Libero_v11.5\Synopsys\synplify_I201403MSP1\bin64\c_ver.exe|i|1412907378|5845504
