
Starting:    C:\Microsemi\Libero_v11.5\Synopsys\synplify_I201403MSP1\win64\mbin\synbatch.exe
Install:     C:\Microsemi\Libero_v11.5\Synopsys\synplify_I201403MSP1
Date:        Tue Jan 12 13:28:33 2016
Version:     I-2014.03M-SP1

Arguments:   -product synplify_pro  -licensetype synplifypro_actel -batch -log synplify.log andor_syn.tcl
ProductType: synplify_pro

License checkout: synplifypro_actel
License: synplifypro_actel node-locked 
Licensed Vendor: actel
License Option: actel_oem

Running in Vendor Mode


auto_infer_blackbox is not supported in current product.

log file: "N:\eecs373\Lab1\andor\synthesis\andor.srr"



Running andor_syn|synthesis


Running: Compile on andor_syn|synthesis


Running: Compile Process on andor_syn|synthesis


Running: Compile Input on andor_syn|synthesis

Copied N:\eecs373\Lab1\andor\synthesis\synwork\andor_comp.srs to N:\eecs373\Lab1\andor\synthesis\andor.srs


compiler Completed with warnings
Return Code: 1
Run Time:0h:00m:03s


Running: Multi-srs Generator on andor_syn|synthesis

Copied N:\eecs373\Lab1\andor\synthesis\synwork\andor_comp.srs to N:\eecs373\Lab1\andor\synthesis\synwork\andor_s.srs


multi_srs_gen Completed
Return Code: 0
Run Time:0h:00m:01s

Copied N:\eecs373\Lab1\andor\synthesis\synwork\andor_mult.srs to N:\eecs373\Lab1\andor\synthesis\andor.srs

Complete: Compile Process on andor_syn|synthesis


Running: Pre-mapping on andor_syn|synthesis

Copied N:\eecs373\Lab1\andor\synthesis\andor.sap to N:\eecs373\Lab1\andor\synthesis\synwork\andor_s.sap

Copied N:\eecs373\Lab1\andor\synthesis\andor.fse to N:\eecs373\Lab1\andor\synthesis\synwork\andor_s.fse


premap Completed with warnings
Return Code: 1
Run Time:0h:00m:03s

Complete: Compile on andor_syn|synthesis


Running: Map on andor_syn|synthesis


Running: Map & Optimize on andor_syn|synthesis

Copied N:\eecs373\Lab1\andor\synthesis\synwork\andor_m.srm to N:\eecs373\Lab1\andor\synthesis\andor.srm


fpga_mapper Completed with warnings
Return Code: 1
Run Time:0h:00m:07s

Complete: Map on andor_syn|synthesis

Complete: Logic Synthesis on andor_syn|synthesis

TCL script complete: "andor_syn.tcl"

exit status=0

exit status=0

License checkin: synplifypro_actel

