Target Part: A2F200M3F_FBGA484_STD
Report for cell mytimer.verilog
  Core Cell usage:
              cell count     area count*area
               GND     3      0.0        0.0
            MSSINT     1      0.0        0.0
           MSS_APB     1      0.0        0.0
           MSS_CCC     1      0.0        0.0
             RCOSC     1      0.0        0.0
               VCC     3      0.0        0.0


                   -----          ----------
             TOTAL    10                 0.0


  IO Cell usage:
              cell count
            OUTBUF     1
                   -----
             TOTAL     1


Core Cells         : 0 of 4608 (0%)
IO Cells           : 1

  RAM/ROM Usage Summary
Block Rams : 0 of 8 (0%)

