
Starting:    C:\Microsemi\Libero_v11.5\Synopsys\synplify_I201403MSP1\win64\mbin\synbatch.exe
Install:     C:\Microsemi\Libero_v11.5\Synopsys\synplify_I201403MSP1
Date:        Thu Mar 24 14:15:05 2016
Version:     I-2014.03M-SP1

Arguments:   -product synplify_pro  -licensetype synplifypro_actel -batch -log synplify.log n64ControlLibero_syn.tcl
ProductType: synplify_pro

License checkout: synplifypro_actel
License: synplifypro_actel node-locked 
Licensed Vendor: actel
License Option: actel_oem

Running in Vendor Mode


auto_infer_blackbox is not supported in current product.

log file: "C:\Users\rpokeefe\repos\373\n64ControlLibero\synthesis\n64ControlLibero.srr"



Running n64ControlLibero_syn|synthesis


Running: Compile on n64ControlLibero_syn|synthesis


Running: Compile Process on n64ControlLibero_syn|synthesis


Running: Compile Input on n64ControlLibero_syn|synthesis

Copied C:\Users\rpokeefe\repos\373\n64ControlLibero\synthesis\synwork\n64ControlLibero_comp.srs to C:\Users\rpokeefe\repos\373\n64ControlLibero\synthesis\n64ControlLibero.srs


compiler Completed with warnings
Return Code: 1
Run Time:0h:00m:02s


Running: Multi-srs Generator on n64ControlLibero_syn|synthesis

Copied C:\Users\rpokeefe\repos\373\n64ControlLibero\synthesis\synwork\n64ControlLibero_comp.srs to C:\Users\rpokeefe\repos\373\n64ControlLibero\synthesis\synwork\n64ControlLibero_s.srs


multi_srs_gen Completed
Return Code: 0
Run Time:0h:00m:00s

Copied C:\Users\rpokeefe\repos\373\n64ControlLibero\synthesis\synwork\n64ControlLibero_mult.srs to C:\Users\rpokeefe\repos\373\n64ControlLibero\synthesis\n64ControlLibero.srs

Complete: Compile Process on n64ControlLibero_syn|synthesis


Running: Pre-mapping on n64ControlLibero_syn|synthesis

Copied C:\Users\rpokeefe\repos\373\n64ControlLibero\synthesis\n64ControlLibero.sap to C:\Users\rpokeefe\repos\373\n64ControlLibero\synthesis\synwork\n64ControlLibero_s.sap

Copied C:\Users\rpokeefe\repos\373\n64ControlLibero\synthesis\n64ControlLibero.fse to C:\Users\rpokeefe\repos\373\n64ControlLibero\synthesis\synwork\n64ControlLibero_s.fse


premap Completed
Return Code: 0
Run Time:0h:00m:01s

Complete: Compile on n64ControlLibero_syn|synthesis


Running: Map on n64ControlLibero_syn|synthesis


Running: Map & Optimize on n64ControlLibero_syn|synthesis

Copied C:\Users\rpokeefe\repos\373\n64ControlLibero\synthesis\synwork\n64ControlLibero_m.srm to C:\Users\rpokeefe\repos\373\n64ControlLibero\synthesis\n64ControlLibero.srm


fpga_mapper Completed with warnings
Return Code: 1
Run Time:0h:00m:02s

Complete: Map on n64ControlLibero_syn|synthesis

Complete: Logic Synthesis on n64ControlLibero_syn|synthesis

TCL script complete: "n64ControlLibero_syn.tcl"

exit status=0

exit status=0

License checkin: synplifypro_actel

