FlashPro
Version: 11.5.3.10
Release: v11.5 SP3

Software Version: 11.5.3.10
PDB file
'C:\Users\collmae\Documents\GitHub\373\ants_master\designer\impl1\ants_master_fp\ants_master.pd\
b' has been loaded successfully.
DESIGN : ants_master;  CHECKSUM : DF6E;  PDB_VERSION : 1.9
Driver : 3.0.0 build 1
programmer '78372' : FlashPro3
Opened
'C:/Users/collmae/Documents/GitHub/373/ants_master/designer/impl1/ants_master_fp/ants_master.pr\
o'
The 'open_project' command succeeded.
The 'set_programming_file' command succeeded.
The 'set_device_type' command succeeded.
The 'set_device_package' command succeeded.
Info: Adding Flash Memory data from file
      C:\Users\collmae\Documents\GitHub\373\ants_master\component\work\ants_master_MSS\MSS_ENVM\
      _0\MSS_ENVM_0.efc.
Info: Adding FPGA Array data from file
      C:\Users\collmae\Documents\GitHub\373\ants_master\designer\impl1\ants_master.fdb.
PDB file
'C:\Users\collmae\Documents\GitHub\373\ants_master\designer\impl1\ants_master_fp\ants_master.pd\
b' has been loaded successfully.
DESIGN : ants_master;  CHECKSUM : 3FE7;  PDB_VERSION : 1.9
The 'update_programming_file' command succeeded.
The 'set_programming_action' command succeeded.
programmer '78372' : Scan Chain...
Warning: programmer '78372' : Vpump has been selected on programmer AND an externally provided
         Vpump has also been detected. Using externally provided Vpump voltage source.
programmer '78372' : Scan Chain PASSED.
programmer '78372' : Executing action PROGRAM
programmer '78372' : EXPORT FSN[48] = 0114ab405078
programmer '78372' : Erase ...
programmer '78372' : Completed erase
programmer '78372' : EXPORT CHECKSUM: [16] = 3fe7
programmer '78372' : Programming FPGA Array
programmer '78372' : Verifying FPGA Array
programmer '78372' :         Verifying FPGA Array -- pass
programmer '78372' : Program System Init and Boot Clients...
programmer '78372' : Verify System Init and Boot Clients...
programmer '78372' : Finished: Sat Apr 16 10:07:50 2016 (Elapsed time 00:00:35)
programmer '78372' : Executing action PROGRAM PASSED.

                        o - o - o - o - o - o

The 'run_selected_actions' command succeeded.
Project saved.
The 'save_project' command succeeded.
Project closed.
